<?xml version="1.0" encoding="utf-8"?><testsuites><testsuite name="pytest" errors="0" failures="0" skipped="0" tests="10" time="1.212" timestamp="2021-11-21T14:46:12.914490" hostname="rafael-System-Product-Name"><testcase classname="test_submit" name="test_q1" time="0.001" /><testcase classname="test_submit" name="test_q2" time="0.026" /><testcase classname="test_submit" name="test_q3" time="0.003" /><testcase classname="test_submit" name="test_q4" time="0.001" /><testcase classname="test_submit" name="test_q5" time="0.117" /><testcase classname="test_submit" name="test_q6" time="0.126" /><testcase classname="test_submit" name="test_q7" time="0.004" /><testcase classname="test_submit" name="test_q8" time="0.004" /><testcase classname="test_submit" name="test_q9" time="0.011" /><testcase classname="test_submit" name="test_q10" time="0.002" /></testsuite></testsuites>